\BOOKMARK [1][-]{section.1}{Introduction}{}% 1
\BOOKMARK [1][-]{section.2}{Methodology}{}% 2
\BOOKMARK [1][-]{section.3}{Time Scope and Future Projections}{}% 3
\BOOKMARK [2][-]{subsection.3.1}{Depletion Calculations}{section.3}% 4
\BOOKMARK [2][-]{subsection.3.2}{Scenario Descriptions}{section.3}% 5
\BOOKMARK [2][-]{subsection.3.3}{Reprocessed Uranium}{section.3}% 6
\BOOKMARK [1][-]{section.4}{Scenario Definition}{}% 7
\BOOKMARK [1][-]{section.5}{Scenario Specifications}{}% 8
\BOOKMARK [1][-]{section.6}{Reactor Specifications}{}% 9
\BOOKMARK [2][-]{subsubsection.6.0.1}{PWRs}{section.6}% 10
\BOOKMARK [3][-]{subsubsection.6.0.2}{EPRs}{subsubsection.6.0.1}% 11
\BOOKMARK [3][-]{subsubsection.6.0.3}{SFRs}{subsubsection.6.0.1}% 12
\BOOKMARK [1][-]{section.7}{Current Status}{}% 13
\BOOKMARK [1][-]{section.8}{Future Nuclear Projections}{}% 14
\BOOKMARK [2][-]{subsection.8.1}{France}{section.8}% 15
\BOOKMARK [2][-]{subsection.8.2}{Germany}{section.8}% 16
\BOOKMARK [2][-]{subsection.8.3}{Czech Republic}{section.8}% 17
\BOOKMARK [2][-]{subsection.8.4}{United Kingdom}{section.8}% 18
\BOOKMARK [2][-]{subsection.8.5}{Belgium}{section.8}% 19
\BOOKMARK [2][-]{subsection.8.6}{Sweden}{section.8}% 20
\BOOKMARK [2][-]{subsection.8.7}{Finland}{section.8}% 21
\BOOKMARK [2][-]{subsection.8.8}{Bulgaria}{section.8}% 22
\BOOKMARK [2][-]{subsection.8.9}{Poland}{section.8}% 23
\BOOKMARK [2][-]{subsection.8.10}{Summary}{section.8}% 24
\BOOKMARK [1][-]{section.9}{Appendix}{}% 25
\BOOKMARK [2][-]{subsection.9.1}{Fresh and Used Fuel Composition}{section.9}% 26
